<?xml version="1.0" encoding="UTF-8"?>
<testsuite xmlns:xsi="http://www.w3.org/2001/XMLSchema-instance" xsi:noNamespaceSchemaLocation="https://maven.apache.org/surefire/maven-surefire-plugin/xsd/surefire-test-report.xsd" version="3.0.2" name="io.github.humagitgud.centroidfinder.VideoProcessorAppTest" time="0.014" tests="4" errors="0" skipped="0" failures="0">
  <properties>
[...]
</properties>
  <testcase name="testInvalidThresholdPrintsError" classname="io.github.humagitgud.centroidfinder.VideoProcessorAppTest" time="0.004"/>
  <testcase name="testInvalidInputFilePrintsError" classname="io.github.humagitgud.centroidfinder.VideoProcessorAppTest" time="0.001"/>
  <testcase name="testMissingArgsPrintsUsage" classname="io.github.humagitgud.centroidfinder.VideoProcessorAppTest" time="0.001"/>
  <testcase name="testInvalidColorPrintsError(File)" classname="io.github.humagitgud.centroidfinder.VideoProcessorAppTest" time="0.003"/>
</testsuite>